<?xml version="1.0" encoding="UTF-8"?>
<testsuite xmlns:xsi="http://www.w3.org/2001/XMLSchema-instance" xsi:noNamespaceSchemaLocation="https://maven.apache.org/surefire/maven-surefire-plugin/xsd/surefire-test-report-3.0.xsd" version="3.0" name="com.itxiop.tech.supplier.suite.CandidateFlowSuiteTest" time="3.522" tests="1" errors="0" skipped="0" failures="0">
  <properties>
[...]
</properties>
  <testcase name="createCandidates_acceptCandidates_potentialSuppliers" classname="com.itxiop.tech.supplier.suite.CandidateFlowSuiteTest" time="1.48">
    <system-out><![CDATA[19:05:07.547 [main] INFO org.springframework.test.context.support.AnnotationConfigContextLoaderUtils -- Could not detect default configuration classes for test class [com.itxiop.tech.supplier.suite.CandidateFlowSuiteTest]: CandidateFlowSuiteTest does not declare any static, non-private, non-final, nested classes annotated with @Configuration.
19:05:07.633 [main] INFO org.springframework.boot.test.context.SpringBootTestContextBootstrapper -- Found @SpringBootConfiguration com.itxiop.tech.supplier.Application for test class com.itxiop.tech.supplier.suite.CandidateFlowSuiteTest

  .   ____          _            __ _ _
 /\\ / ___'_ __ _ _(_)_ __  __ _ \ \ \ \
( ( )\___ | '_ | '_| | '_ \/ _` | \ \ \ \
 \\/  ___)| |_)| | | | | || (_| |  ) ) ) )
  '  |____| .__|_| |_|_| |_\__, | / / / /
 =========|_|==============|___/=/_/_/_/
 :: Spring Boot ::                (v3.2.5)

2026-02-26T19:05:08.008Z  INFO 6276 --- [           main] c.i.t.s.suite.CandidateFlowSuiteTest     : Starting CandidateFlowSuiteTest using Java 21.0.10 with PID 6276 (started by runner in /home/runner/work/prueba_tecnica/prueba_tecnica)
2026-02-26T19:05:08.010Z  INFO 6276 --- [           main] c.i.t.s.suite.CandidateFlowSuiteTest     : The following 1 profile is active: "flow"
2026-02-26T19:05:08.971Z  INFO 6276 --- [           main] o.s.b.w.embedded.tomcat.TomcatWebServer  : Tomcat initialized with port 8080 (http)
2026-02-26T19:05:08.982Z  INFO 6276 --- [           main] o.apache.catalina.core.StandardService   : Starting service [Tomcat]
2026-02-26T19:05:08.982Z  INFO 6276 --- [           main] o.apache.catalina.core.StandardEngine    : Starting Servlet engine: [Apache Tomcat/10.1.20]
2026-02-26T19:05:09.021Z  INFO 6276 --- [           main] o.a.c.c.C.[Tomcat].[localhost].[/]       : Initializing Spring embedded WebApplicationContext
2026-02-26T19:05:09.022Z  INFO 6276 --- [           main] w.s.c.ServletWebServerApplicationContext : Root WebApplicationContext: initialization completed in 997 ms
2026-02-26T19:05:09.386Z  INFO 6276 --- [           main] o.a.c.c.C.[Tomcat].[localhost].[/]       : Initializing Spring TestDispatcherServlet ''
2026-02-26T19:05:09.387Z  INFO 6276 --- [           main] o.s.t.web.servlet.TestDispatcherServlet  : Initializing Servlet ''
2026-02-26T19:05:09.388Z  INFO 6276 --- [           main] o.s.t.web.servlet.TestDispatcherServlet  : Completed initialization in 0 ms
2026-02-26T19:05:09.418Z  INFO 6276 --- [           main] o.s.b.w.embedded.tomcat.TomcatWebServer  : Tomcat started on port 8080 (http) with context path ''
2026-02-26T19:05:09.425Z  INFO 6276 --- [           main] c.i.t.s.suite.CandidateFlowSuiteTest     : Started CandidateFlowSuiteTest in 1.683 seconds (process running for 2.446)

  .   ____          _            __ _ _
 /\\ / ___'_ __ _ _(_)_ __  __ _ \ \ \ \
( ( )\___ | '_ | '_| | '_ \/ _` | \ \ \ \
 \\/  ___)| |_)| | | | | || (_| |  ) ) ) )
  '  |____| .__|_| |_|_| |_\__, | / / / /
 =========|_|==============|___/=/_/_/_/
 :: Spring Boot ::                (v3.2.5)

2026-02-26T19:05:09.496Z  INFO 6276 --- [           main] c.i.t.s.suite.CandidateFlowSuiteTest     : Starting CandidateFlowSuiteTest using Java 21.0.10 with PID 6276 (started by runner in /home/runner/work/prueba_tecnica/prueba_tecnica)
2026-02-26T19:05:09.496Z  INFO 6276 --- [           main] c.i.t.s.suite.CandidateFlowSuiteTest     : The following 1 profile is active: "flow"
2026-02-26T19:05:09.684Z  INFO 6276 --- [           main] o.s.b.w.embedded.tomcat.TomcatWebServer  : Tomcat initialized with port 8080 (http)
2026-02-26T19:05:09.684Z  INFO 6276 --- [           main] o.apache.catalina.core.StandardService   : Starting service [Tomcat]
2026-02-26T19:05:09.685Z  INFO 6276 --- [           main] o.apache.catalina.core.StandardEngine    : Starting Servlet engine: [Apache Tomcat/10.1.20]
2026-02-26T19:05:09.696Z  INFO 6276 --- [           main] o.a.c.c.C.[Tomcat].[localhost].[/]       : Initializing Spring embedded WebApplicationContext
2026-02-26T19:05:09.696Z  INFO 6276 --- [           main] w.s.c.ServletWebServerApplicationContext : Root WebApplicationContext: initialization completed in 198 ms
2026-02-26T19:05:09.842Z  INFO 6276 --- [           main] o.a.c.c.C.[Tomcat].[localhost].[/]       : Initializing Spring TestDispatcherServlet ''
2026-02-26T19:05:09.842Z  INFO 6276 --- [           main] o.s.t.web.servlet.TestDispatcherServlet  : Initializing Servlet ''
2026-02-26T19:05:09.842Z  INFO 6276 --- [           main] o.s.t.web.servlet.TestDispatcherServlet  : Completed initialization in 0 ms
2026-02-26T19:05:09.853Z  INFO 6276 --- [           main] o.s.b.w.embedded.tomcat.TomcatWebServer  : Tomcat started on port 8080 (http) with context path ''
2026-02-26T19:05:09.856Z  INFO 6276 --- [           main] c.i.t.s.suite.CandidateFlowSuiteTest     : Started CandidateFlowSuiteTest in 0.394 seconds (process running for 2.877)
2026-02-26T19:05:10.787Z  INFO 6276 --- [nio-8080-exec-1] o.a.c.c.C.[Tomcat].[localhost].[/]       : Initializing Spring DispatcherServlet 'dispatcherServlet'
2026-02-26T19:05:10.788Z  INFO 6276 --- [nio-8080-exec-1] o.s.web.servlet.DispatcherServlet        : Initializing Servlet 'dispatcherServlet'
2026-02-26T19:05:10.789Z  INFO 6276 --- [nio-8080-exec-1] o.s.web.servlet.DispatcherServlet        : Completed initialization in 0 ms
2026-02-26T19:05:10.792Z  INFO 6276 --- [nio-8080-exec-1] c.i.t.s.country.CountryController        : hit /countries/ES
2026-02-26T19:05:10.826Z  INFO 6276 --- [nio-8080-exec-2] c.i.t.s.country.CountryController        : hit /countries/DE
2026-02-26T19:05:10.834Z  INFO 6276 --- [nio-8080-exec-4] c.i.t.s.country.CountryController        : hit /countries/FR
]]></system-out>
    <system-err><![CDATA[WARNING: A Java agent has been loaded dynamically (/home/runner/.m2/repository/net/bytebuddy/byte-buddy-agent/1.14.13/byte-buddy-agent-1.14.13.jar)
WARNING: If a serviceability tool is in use, please run with -XX:+EnableDynamicAgentLoading to hide this warning
WARNING: If a serviceability tool is not in use, please run with -Djdk.instrument.traceUsage for more information
WARNING: Dynamic loading of agents will be disallowed by default in a future release
]]></system-err>
  </testcase>
</testsuite>